android-build/build/outputs/logs/manifest-merger-debug-report.txt
-- Merging decision tree log ---
manifest
ADDED from BLEInterface/android-build/AndroidManifest.xml:2:1-98:12
INJECTED from BLEInterface/android-build/AndroidManifest.xml:2:1-98:12
INJECTED from BLEInterface/android-build/AndroidManifest.xml:2:1-98:12
INJECTED from BLEInterface/android-build/AndroidManifest.xml:2:1-98:12
INJECTED from BLEInterface/android-build/AndroidManifest.xml:2:1-98:12
	package
		ADDED from BLEInterface/android-build/AndroidManifest.xml:2:11-42
	android:versionName
		ADDED from BLEInterface/android-build/AndroidManifest.xml:2:102-127
		INJECTED from BLEInterface/android-build/AndroidManifest.xml
		INJECTED from BLEInterface/android-build/AndroidManifest.xml
	xmlns:android
		ADDED from BLEInterface/android-build/AndroidManifest.xml:2:43-101
	android:versionCode
		ADDED from BLEInterface/android-build/AndroidManifest.xml:2:128-151
		INJECTED from BLEInterface/android-build/AndroidManifest.xml
		INJECTED from BLEInterface/android-build/AndroidManifest.xml
	android:installLocation
		ADDED from BLEInterface/android-build/AndroidManifest.xml:2:152-182
uses-sdk
ADDED from BLEInterface/android-build/AndroidManifest.xml:3:5-73
	android:targetSdkVersion
		ADDED from BLEInterface/android-build/AndroidManifest.xml:3:42-71
	android:minSdkVersion
		ADDED from BLEInterface/android-build/AndroidManifest.xml:3:15-41
uses-permission#android.permission.INTERNET
ADDED from BLEInterface/android-build/AndroidManifest.xml:7:9-71
	android:name
		ADDED from BLEInterface/android-build/AndroidManifest.xml:7:26-68
uses-permission#android.permission.WRITE_EXTERNAL_STORAGE
ADDED from BLEInterface/android-build/AndroidManifest.xml:8:5-81
	android:name
		ADDED from BLEInterface/android-build/AndroidManifest.xml:8:22-78
uses-permission#android.permission.BLUETOOTH
ADDED from BLEInterface/android-build/AndroidManifest.xml:9:5-68
	android:name
		ADDED from BLEInterface/android-build/AndroidManifest.xml:9:22-65
uses-permission#android.permission.BLUETOOTH_ADMIN
ADDED from BLEInterface/android-build/AndroidManifest.xml:10:5-74
	android:name
		ADDED from BLEInterface/android-build/AndroidManifest.xml:10:22-71
uses-permission#android.permission.ACCESS_COARSE_LOCATION
ADDED from BLEInterface/android-build/AndroidManifest.xml:11:5-81
	android:name
		ADDED from BLEInterface/android-build/AndroidManifest.xml:11:22-78
uses-permission#android.permission.ACCESS_NETWORK_STATE
ADDED from BLEInterface/android-build/AndroidManifest.xml:12:5-79
	android:name
		ADDED from BLEInterface/android-build/AndroidManifest.xml:12:22-76
uses-feature#0x00020000
ADDED from BLEInterface/android-build/AndroidManifest.xml:17:9-82
	android:glEsVersion
		ADDED from BLEInterface/android-build/AndroidManifest.xml:17:23-55
	android:required
		ADDED from BLEInterface/android-build/AndroidManifest.xml:17:56-79
supports-screens
ADDED from BLEInterface/android-build/AndroidManifest.xml:19:5-135
	android:largeScreens
		ADDED from BLEInterface/android-build/AndroidManifest.xml:19:23-50
	android:smallScreens
		ADDED from BLEInterface/android-build/AndroidManifest.xml:19:106-133
	android:normalScreens
		ADDED from BLEInterface/android-build/AndroidManifest.xml:19:51-79
	android:anyDensity
		ADDED from BLEInterface/android-build/AndroidManifest.xml:19:80-105
application
ADDED from BLEInterface/android-build/AndroidManifest.xml:21:5-96:19
	android:label
		ADDED from BLEInterface/android-build/AndroidManifest.xml:21:117-145
	android:hardwareAccelerated
		ADDED from BLEInterface/android-build/AndroidManifest.xml:21:18-52
	android:name
		ADDED from BLEInterface/android-build/AndroidManifest.xml:21:53-116
activity#org.qtproject.qt5.android.bindings.QtActivity
ADDED from BLEInterface/android-build/AndroidManifest.xml:22:9-92:16
	android:screenOrientation
		ADDED from BLEInterface/android-build/AndroidManifest.xml:25:19-58
	android:label
		ADDED from BLEInterface/android-build/AndroidManifest.xml:24:19-47
	android:launchMode
		ADDED from BLEInterface/android-build/AndroidManifest.xml:26:19-49
	android:configChanges
		ADDED from BLEInterface/android-build/AndroidManifest.xml:22:19-188
	android:name
		ADDED from BLEInterface/android-build/AndroidManifest.xml:23:19-79
intent-filter#action:name:android.intent.action.MAIN+category:name:android.intent.category.LAUNCHER
ADDED from BLEInterface/android-build/AndroidManifest.xml:27:13-30:29
action#android.intent.action.MAIN
ADDED from BLEInterface/android-build/AndroidManifest.xml:28:17-68
	android:name
		ADDED from BLEInterface/android-build/AndroidManifest.xml:28:25-66
category#android.intent.category.LAUNCHER
ADDED from BLEInterface/android-build/AndroidManifest.xml:29:17-76
	android:name
		ADDED from BLEInterface/android-build/AndroidManifest.xml:29:27-74
meta-data#android.app.lib_name
ADDED from BLEInterface/android-build/AndroidManifest.xml:36:13-90
	android:value
		ADDED from BLEInterface/android-build/AndroidManifest.xml:36:60-88
	android:name
		ADDED from BLEInterface/android-build/AndroidManifest.xml:36:24-59
meta-data#android.app.qt_sources_resource_id
ADDED from BLEInterface/android-build/AndroidManifest.xml:37:13-112
	android:resource
		ADDED from BLEInterface/android-build/AndroidManifest.xml:37:74-110
	android:name
		ADDED from BLEInterface/android-build/AndroidManifest.xml:37:24-73
meta-data#android.app.repository
ADDED from BLEInterface/android-build/AndroidManifest.xml:38:13-87
	android:value
		ADDED from BLEInterface/android-build/AndroidManifest.xml:38:62-85
	android:name
		ADDED from BLEInterface/android-build/AndroidManifest.xml:38:24-61
meta-data#android.app.qt_libs_resource_id
ADDED from BLEInterface/android-build/AndroidManifest.xml:39:13-106
	android:resource
		ADDED from BLEInterface/android-build/AndroidManifest.xml:39:71-104
	android:name
		ADDED from BLEInterface/android-build/AndroidManifest.xml:39:24-70
meta-data#android.app.bundled_libs_resource_id
ADDED from BLEInterface/android-build/AndroidManifest.xml:40:13-116
	android:resource
		ADDED from BLEInterface/android-build/AndroidManifest.xml:40:76-114
	android:name
		ADDED from BLEInterface/android-build/AndroidManifest.xml:40:24-75
meta-data#android.app.bundle_local_qt_libs
ADDED from BLEInterface/android-build/AndroidManifest.xml:42:13-91
	android:value
		ADDED from BLEInterface/android-build/AndroidManifest.xml:42:72-89
	android:name
		ADDED from BLEInterface/android-build/AndroidManifest.xml:42:24-71
meta-data#android.app.bundled_in_lib_resource_id
ADDED from BLEInterface/android-build/AndroidManifest.xml:43:13-120
	android:resource
		ADDED from BLEInterface/android-build/AndroidManifest.xml:43:78-118
	android:name
		ADDED from BLEInterface/android-build/AndroidManifest.xml:43:24-77
meta-data#android.app.bundled_in_assets_resource_id
ADDED from BLEInterface/android-build/AndroidManifest.xml:44:13-126
	android:resource
		ADDED from BLEInterface/android-build/AndroidManifest.xml:44:81-124
	android:name
		ADDED from BLEInterface/android-build/AndroidManifest.xml:44:24-80
meta-data#android.app.use_local_qt_libs
ADDED from BLEInterface/android-build/AndroidManifest.xml:46:13-88
	android:value
		ADDED from BLEInterface/android-build/AndroidManifest.xml:46:69-86
	android:name
		ADDED from BLEInterface/android-build/AndroidManifest.xml:46:24-68
meta-data#android.app.libs_prefix
ADDED from BLEInterface/android-build/AndroidManifest.xml:47:13-100
	android:value
		ADDED from BLEInterface/android-build/AndroidManifest.xml:47:63-98
	android:name
		ADDED from BLEInterface/android-build/AndroidManifest.xml:47:24-62
meta-data#android.app.load_local_libs
ADDED from BLEInterface/android-build/AndroidManifest.xml:48:13-193
	android:value
		ADDED from BLEInterface/android-build/AndroidManifest.xml:48:67-191
	android:name
		ADDED from BLEInterface/android-build/AndroidManifest.xml:48:24-66
meta-data#android.app.load_local_jars
ADDED from BLEInterface/android-build/AndroidManifest.xml:49:13-177
	android:value
		ADDED from BLEInterface/android-build/AndroidManifest.xml:49:67-175
	android:name
		ADDED from BLEInterface/android-build/AndroidManifest.xml:49:24-66
meta-data#android.app.static_init_classes
ADDED from BLEInterface/android-build/AndroidManifest.xml:50:13-153
	android:value
		ADDED from BLEInterface/android-build/AndroidManifest.xml:50:71-151
	android:name
		ADDED from BLEInterface/android-build/AndroidManifest.xml:50:24-70
meta-data#android.app.ministro_not_found_msg
ADDED from BLEInterface/android-build/AndroidManifest.xml:54:13-122
	android:value
		ADDED from BLEInterface/android-build/AndroidManifest.xml:54:24-70
	android:name
		ADDED from BLEInterface/android-build/AndroidManifest.xml:54:71-120
meta-data#android.app.ministro_needed_msg
ADDED from BLEInterface/android-build/AndroidManifest.xml:55:13-116
	android:value
		ADDED from BLEInterface/android-build/AndroidManifest.xml:55:24-67
	android:name
		ADDED from BLEInterface/android-build/AndroidManifest.xml:55:68-114
meta-data#android.app.fatal_error_msg
ADDED from BLEInterface/android-build/AndroidManifest.xml:56:13-108
	android:value
		ADDED from BLEInterface/android-build/AndroidManifest.xml:56:24-63
	android:name
		ADDED from BLEInterface/android-build/AndroidManifest.xml:56:64-106
meta-data#android.app.unsupported_android_version
ADDED from BLEInterface/android-build/AndroidManifest.xml:57:13-132
	android:value
		ADDED from BLEInterface/android-build/AndroidManifest.xml:57:24-75
	android:name
		ADDED from BLEInterface/android-build/AndroidManifest.xml:57:76-130
meta-data#android.app.background_running
ADDED from BLEInterface/android-build/AndroidManifest.xml:76:13-93
	android:value
		ADDED from BLEInterface/android-build/AndroidManifest.xml:76:70-91
	android:name
		ADDED from BLEInterface/android-build/AndroidManifest.xml:76:24-69
meta-data#android.app.auto_screen_scale_factor
ADDED from BLEInterface/android-build/AndroidManifest.xml:80:13-99
	android:value
		ADDED from BLEInterface/android-build/AndroidManifest.xml:80:76-97
	android:name
		ADDED from BLEInterface/android-build/AndroidManifest.xml:80:24-75
meta-data#android.app.extract_android_style
ADDED from BLEInterface/android-build/AndroidManifest.xml:90:13-98
	android:value
		ADDED from BLEInterface/android-build/AndroidManifest.xml:90:73-96
	android:name
		ADDED from BLEInterface/android-build/AndroidManifest.xml:90:24-72